<?xml version="1.0" encoding="UTF-8"?>
<testng-results skipped="0" failed="0" total="2" passed="2">
  <reporter-output>
  </reporter-output>
  <suite name="Fibonacci" duration-ms="37" started-at="2013-08-28T11:48:17Z" finished-at="2013-08-28T11:48:17Z">
    <groups>
    </groups>
    <test name="TestNG tests" duration-ms="37" started-at="2013-08-28T11:48:17Z" finished-at="2013-08-28T11:48:17Z">
      <class name="fibonacci.FibonacciNGTest">
        <test-method status="PASS" signature="setUpClass()[pri:0, instance:fibonacci.FibonacciNGTest@7d49fc60]" name="setUpClass" is-config="true" duration-ms="10" started-at="2013-08-28T11:48:17Z" finished-at="2013-08-28T11:48:17Z">
        </test-method> <!-- setUpClass -->
        <test-method status="PASS" signature="setUpMethod()[pri:0, instance:fibonacci.FibonacciNGTest@7d49fc60]" name="setUpMethod" is-config="true" duration-ms="1" started-at="2013-08-28T11:48:17Z" finished-at="2013-08-28T11:48:17Z">
        </test-method> <!-- setUpMethod -->
        <test-method status="PASS" signature="testCalculate()[pri:0, instance:fibonacci.FibonacciNGTest@7d49fc60]" name="testCalculate" duration-ms="4" started-at="2013-08-28T11:48:17Z" finished-at="2013-08-28T11:48:17Z">
        </test-method> <!-- testCalculate -->
        <test-method status="PASS" signature="tearDownMethod()[pri:0, instance:fibonacci.FibonacciNGTest@7d49fc60]" name="tearDownMethod" is-config="true" duration-ms="1" started-at="2013-08-28T11:48:17Z" finished-at="2013-08-28T11:48:17Z">
        </test-method> <!-- tearDownMethod -->
        <test-method status="PASS" signature="setUpMethod()[pri:0, instance:fibonacci.FibonacciNGTest@7d49fc60]" name="setUpMethod" is-config="true" duration-ms="1" started-at="2013-08-28T11:48:17Z" finished-at="2013-08-28T11:48:17Z">
        </test-method> <!-- setUpMethod -->
        <test-method status="PASS" signature="testMain([Ljava.lang.String;)[pri:0, instance:fibonacci.FibonacciNGTest@7d49fc60]" name="testMain" duration-ms="1" started-at="2013-08-28T11:48:17Z" finished-at="2013-08-28T11:48:17Z">
          <params>
            <param index="0">
              <value is-null="true"/>
            </param>
          </params>
        </test-method> <!-- testMain -->
        <test-method status="PASS" signature="tearDownMethod()[pri:0, instance:fibonacci.FibonacciNGTest@7d49fc60]" name="tearDownMethod" is-config="true" duration-ms="1" started-at="2013-08-28T11:48:17Z" finished-at="2013-08-28T11:48:17Z">
        </test-method> <!-- tearDownMethod -->
        <test-method status="PASS" signature="tearDownClass()[pri:0, instance:fibonacci.FibonacciNGTest@7d49fc60]" name="tearDownClass" is-config="true" duration-ms="1" started-at="2013-08-28T11:48:17Z" finished-at="2013-08-28T11:48:17Z">
        </test-method> <!-- tearDownClass -->
      </class> <!-- fibonacci.FibonacciNGTest -->
    </test> <!-- TestNG tests -->
  </suite> <!-- Fibonacci -->
</testng-results>
